<?xml version="1.0" encoding="UTF-8"?>
<testsuite name="javashowcase.NIOFileAPITest" tests="1" skipped="0" failures="0" errors="0" timestamp="2021-01-25T08:51:24" hostname="DESKTOP-BLCU99U" time="0.124">
  <properties/>
  <testcase name="givenPathWhenCheckedThenConfirm" classname="javashowcase.NIOFileAPITest" time="0.124"/>
  <system-out><![CDATA[F:\IOstream\TempPlayGround\temp1
F:\IOstream\TempPlayGround\temp2
F:\IOstream\TempPlayGround\temp3
F:\IOstream\TempPlayGround\temp4
F:\IOstream\TempPlayGround\temp5
F:\IOstream\TempPlayGround\temp6
F:\IOstream\TempPlayGround\temp7
F:\IOstream\TempPlayGround\temp8
F:\IOstream\TempPlayGround\temp9
F:\IOstream\TempPlayGround\temp1
F:\IOstream\TempPlayGround\temp2
F:\IOstream\TempPlayGround\temp3
F:\IOstream\TempPlayGround\temp4
F:\IOstream\TempPlayGround\temp5
F:\IOstream\TempPlayGround\temp6
F:\IOstream\TempPlayGround\temp7
F:\IOstream\TempPlayGround\temp8
F:\IOstream\TempPlayGround\temp9
]]></system-out>
  <system-err><![CDATA[]]></system-err>
</testsuite>
