<?xml version="1.0" encoding="UTF-8"?>
<testsuite name="com.employeepayroll.EmployeePayrollServiceTest" tests="1" skipped="0" failures="0" errors="0" timestamp="2021-01-25T11:43:37" hostname="DESKTOP-BLCU99U" time="0.035">
  <properties/>
  <testcase name="given3EmployeeWhenWrittenToFileShouldMatchEmployeeEntries" classname="com.employeepayroll.EmployeePayrollServiceTest" time="0.035"/>
  <system-out><![CDATA[id=1,name=Jeff Bezos,salary=100000.0
id=2,name=Bill Gates,salary=200000.0
id=3,name=Mark Zuckerberg,salary=300000.0
]]></system-out>
  <system-err><![CDATA[]]></system-err>
</testsuite>
